{"logTime": "0521/121659", "correlationVector":"unLQo/Zd9rcBFsLV3RrG1H.1","action":"SyncServerConnectionManagerRequest", "result":"SYNC_SERVER_OK", "context":{"environment":"Prod_southindia_prod-s01-004-apac-southindia", "migrationStage":"NotStarted", "server":"akswtt012000022"}}
{"logTime": "0521/121659", "correlationVector":"unLQo/Zd9rcBFsLV3RrG1H.2","action":"ProcessGetUpdates", "result":"Done", "context":{"dataType":"Encryption Keys", "deleted":"0", "process_failed_to_decrypt":"0", "process_pending_decryption":"0", "process_success":"1", "total":"1"}}
{"logTime": "0521/121701", "correlationVector":"0pBK1b8jh9btMCuEjcij7F","action":"SyncServerConnectionManagerRequest", "result":"SYNC_SERVER_OK", "context":{"environment":"", "migrationStage":"", "server":""}}
{"logTime": "0521/121701", "correlationVector":"0pBK1b8jh9btMCuEjcij7F.0","action":"EncryptionKeysFetcher.DownloadKeys:", "result":"Success", "context":Key count: 5, Last key timestamp: 2025-04-03T16:02:07Z}
{"logTime": "0521/121701", "correlationVector":"0pBK1b8jh9btMCuEjcij7F.1","action":"EncryptionKeysManager::SetEncryptionKeys:", "result":"Success", "context":Key names[5]:[wM1a5QTnOnENkQuzaod6ESeng1r9geaqoBIyY7ybwdAfQukryd+tds4geOfz/GtK1PvEraQTV+jF/G5eAZGdIQ==][SrVHWJ4Ir4HutVS3oc9OWLjPXhSLXc0x80dQFcPJYhaqgUcT1zXtXOmalMwNSD+qrUUikZLGaAf/u4nYVv0RrA==][jinJz87NiXSo5dI+p6rlKNHCgXP2TEHCcu9TufhuhV7iDiS52qgJ0bRLPVyaypV6/N40lu18z/2rUImjEnIuyg==][TbSaQFD/1N+CfFLePSmDzMl+cpM9ht4f0zZFpr8tVcGLlKiNNmL4hTFd49wjjXkqo+PzxKSohtzHs49UDUwrSg==][vhN1D+a40+LVCYM5DzuVCOF5JFLEsTIsnp1UIXxHQPxm9bHHX6b9+urutzAbBkrJ/zYBq70mE29gMMn6tA4E8Q==]}
{"logTime": "0521/121701", "correlationVector":"0pBK1b8jh9btMCuEjcij7F.2","action":"EncryptionKeysManager::SetEncryptionKeysWithTimestamps:", "result":"Success", "context":Key timestamps[5]:[2023-11-16T11:59:29Z][2023-11-24T16:41:15Z][2024-04-05T05:57:28Z][2024-10-03T05:34:52Z][2025-04-03T16:02:07Z]}
{"logTime": "0521/121701", "correlationVector":"unLQo/Zd9rcBFsLV3RrG1H","action":"Initial GetUpdates", "result":"", "context":Reason: NEW_CLIENT. cV=unLQo/Zd9rcBFsLV3RrG1H}
{"logTime": "0521/121701", "correlationVector":"unLQo/Zd9rcBFsLV3RrG1H.3","action":"GetUpdates Response", "result":"Success", "context":Received 1 update(s). cV=unLQo/Zd9rcBFsLV3RrG1H.0;server=akswtt012000022;cloudType=Consumer;environment=Prod_southindia_prod-s01-004-apac-southindia;migrationStage=NotStarted}
{"logTime": "0521/121701", "correlationVector":"G2le8xofS0Cc7qe16kS1Ro","action":"Initial GetUpdates", "result":"", "context":Reason: NEWLY_SUPPORTED_DATATYPE. cV=G2le8xofS0Cc7qe16kS1Ro}
{"logTime": "0521/121702", "correlationVector":"G2le8xofS0Cc7qe16kS1Ro.1","action":"SyncServerConnectionManagerRequest", "result":"SYNC_SERVER_OK", "context":{"environment":"Prod_southindia_prod-s01-004-apac-southindia", "migrationStage":"NotStarted", "server":"akswtt01200001z"}}
{"logTime": "0521/121702", "correlationVector":"G2le8xofS0Cc7qe16kS1Ro.2","action":"ProcessGetUpdates", "result":"Done", "context":{"dataType":"Preferences", "deleted":"0", "process_failed_to_decrypt":"0", "process_pending_decryption":"0", "process_success":"75", "total":"75"}}
{"logTime": "0521/121702", "correlationVector":"G2le8xofS0Cc7qe16kS1Ro.3","action":"ProcessGetUpdates", "result":"Done", "context":{"dataType":"Passwords", "deleted":"22", "process_failed_to_decrypt":"0", "process_pending_decryption":"0", "process_success":"134", "total":"134"}}
{"logTime": "0521/121702", "correlationVector":"G2le8xofS0Cc7qe16kS1Ro.4","action":"ProcessGetUpdates", "result":"Done", "context":{"dataType":"Device Info", "deleted":"0", "process_failed_to_decrypt":"0", "process_pending_decryption":"0", "process_success":"3", "total":"3"}}
{"logTime": "0521/121702", "correlationVector":"G2le8xofS0Cc7qe16kS1Ro.5","action":"GetUpdates Response", "result":"Success", "context":Received 212 update(s). cV=G2le8xofS0Cc7qe16kS1Ro.0;server=akswtt01200001z;cloudType=Consumer;environment=Prod_southindia_prod-s01-004-apac-southindia;migrationStage=NotStarted}
{"logTime": "0521/121702", "correlationVector":"0smx2Yt4Zc9gtVS/5HZG59","action":"Initial GetUpdates", "result":"", "context":Reason: NEWLY_SUPPORTED_DATATYPE. cV=0smx2Yt4Zc9gtVS/5HZG59}
{"logTime": "0521/121702", "correlationVector":"0smx2Yt4Zc9gtVS/5HZG59.1","action":"SyncServerConnectionManagerRequest", "result":"SYNC_SERVER_OK", "context":{"environment":"Prod_southindia_prod-s01-004-apac-southindia", "migrationStage":"NotStarted", "server":"akswtt012000000"}}
{"logTime": "0521/121702", "correlationVector":"0smx2Yt4Zc9gtVS/5HZG59.2","action":"ProcessGetUpdates", "result":"Done", "context":{"dataType":"Bookmarks", "deleted":"0", "process_failed_to_decrypt":"0", "process_pending_decryption":"0", "process_success":"6", "total":"6"}}
{"logTime": "0521/121702", "correlationVector":"0smx2Yt4Zc9gtVS/5HZG59.3","action":"GetUpdates Response", "result":"Success", "context":Received 6 update(s). cV=0smx2Yt4Zc9gtVS/5HZG59.0;server=akswtt012000000;cloudType=Consumer;environment=Prod_southindia_prod-s01-004-apac-southindia;migrationStage=NotStarted}
{"logTime": "0521/121702", "correlationVector":"fVDYmzhtHVupPBl4CAX/TT","action":"Initial GetUpdates", "result":"", "context":Reason: NEWLY_SUPPORTED_DATATYPE. cV=fVDYmzhtHVupPBl4CAX/TT}
{"logTime": "0521/121703", "correlationVector":"fVDYmzhtHVupPBl4CAX/TT.1","action":"SyncServerConnectionManagerRequest", "result":"SYNC_SERVER_OK", "context":{"environment":"Prod_southindia_prod-s01-004-apac-southindia", "migrationStage":"NotStarted", "server":"akswtt01200001d"}}
{"logTime": "0521/121703", "correlationVector":"fVDYmzhtHVupPBl4CAX/TT.2","action":"ProcessGetUpdates", "result":"Done", "context":{"dataType":"Autofill Profiles", "deleted":"0", "process_failed_to_decrypt":"0", "process_pending_decryption":"0", "process_success":"8", "total":"8"}}
{"logTime": "0521/121703", "correlationVector":"fVDYmzhtHVupPBl4CAX/TT.3","action":"ProcessGetUpdates", "result":"Done", "context":{"dataType":"Autofill", "deleted":"0", "process_failed_to_decrypt":"0", "process_pending_decryption":"0", "process_success":"76", "total":"76"}}
{"logTime": "0521/121703", "correlationVector":"fVDYmzhtHVupPBl4CAX/TT.4","action":"ProcessGetUpdates", "result":"Done", "context":{"dataType":"Sessions", "deleted":"162", "process_failed_to_decrypt":"0", "process_pending_decryption":"0", "process_success":"162", "total":"162"}}
{"logTime": "0521/121703", "correlationVector":"fVDYmzhtHVupPBl4CAX/TT.5","action":"ProcessGetUpdates", "result":"Done", "context":{"dataType":"Web Apps", "deleted":"0", "process_failed_to_decrypt":"0", "process_pending_decryption":"0", "process_success":"1", "total":"1"}}
{"logTime": "0521/121703", "correlationVector":"fVDYmzhtHVupPBl4CAX/TT.6","action":"ProcessGetUpdates", "result":"Done", "context":{"dataType":"Edge Hub App Usage", "deleted":"1", "process_failed_to_decrypt":"0", "process_pending_decryption":"0", "process_success":"3", "total":"3"}}
{"logTime": "0521/121703", "correlationVector":"fVDYmzhtHVupPBl4CAX/TT.7","action":"GetUpdates Response", "result":"Success", "context":Received 250 update(s). cV=fVDYmzhtHVupPBl4CAX/TT.0;server=akswtt01200001d;cloudType=Consumer;environment=Prod_southindia_prod-s01-004-apac-southindia;migrationStage=NotStarted Some updates remain.}
{"logTime": "0521/121703", "correlationVector":"sKYSgSUh3bi1eG+QlfXLhS","action":"Initial GetUpdates", "result":"", "context":Reason: NEWLY_SUPPORTED_DATATYPE. cV=sKYSgSUh3bi1eG+QlfXLhS}
{"logTime": "0521/121703", "correlationVector":"sKYSgSUh3bi1eG+QlfXLhS.1","action":"SyncServerConnectionManagerRequest", "result":"SYNC_SERVER_OK", "context":{"environment":"Prod_southindia_prod-s01-004-apac-southindia", "migrationStage":"NotStarted", "server":"akswtt012000026"}}
{"logTime": "0521/121703", "correlationVector":"sKYSgSUh3bi1eG+QlfXLhS.2","action":"ProcessGetUpdates", "result":"Done", "context":{"dataType":"Autofill Profiles", "deleted":"6", "process_failed_to_decrypt":"0", "process_pending_decryption":"0", "process_success":"15", "total":"15"}}
{"logTime": "0521/121703", "correlationVector":"sKYSgSUh3bi1eG+QlfXLhS.3","action":"ProcessGetUpdates", "result":"Done", "context":{"dataType":"Autofill", "deleted":"0", "process_failed_to_decrypt":"0", "process_pending_decryption":"0", "process_success":"90", "total":"90"}}
{"logTime": "0521/121703", "correlationVector":"sKYSgSUh3bi1eG+QlfXLhS.4","action":"ProcessGetUpdates", "result":"Done", "context":{"dataType":"Extensions", "deleted":"0", "process_failed_to_decrypt":"0", "process_pending_decryption":"0", "process_success":"2", "total":"2"}}
{"logTime": "0521/121703", "correlationVector":"sKYSgSUh3bi1eG+QlfXLhS.5","action":"ProcessGetUpdates", "result":"Done", "context":{"dataType":"Sessions", "deleted":"78", "process_failed_to_decrypt":"0", "process_pending_decryption":"0", "process_success":"79", "total":"79"}}
{"logTime": "0521/121703", "correlationVector":"sKYSgSUh3bi1eG+QlfXLhS.6","action":"ProcessGetUpdates", "result":"Done", "context":{"dataType":"Edge Hub App Usage", "deleted":"2", "process_failed_to_decrypt":"0", "process_pending_decryption":"0", "process_success":"3", "total":"3"}}
{"logTime": "0521/121703", "correlationVector":"sKYSgSUh3bi1eG+QlfXLhS.7","action":"GetUpdates Response", "result":"Success", "context":Received 189 update(s). cV=sKYSgSUh3bi1eG+QlfXLhS.0;server=akswtt012000026;cloudType=Consumer;environment=Prod_southindia_prod-s01-004-apac-southindia;migrationStage=NotStarted}
{"logTime": "0521/121703", "correlationVector":"RaZJHkRMsQPmfXOGNdxmQ7","action":"Initial GetUpdates", "result":"", "context":Reason: NEWLY_SUPPORTED_DATATYPE. cV=RaZJHkRMsQPmfXOGNdxmQ7}
{"logTime": "0521/121703", "correlationVector":"RaZJHkRMsQPmfXOGNdxmQ7.1","action":"SyncServerConnectionManagerRequest", "result":"SYNC_SERVER_OK", "context":{"environment":"Prod_southindia_prod-s01-004-apac-southindia", "migrationStage":"NotStarted", "server":"akswtt01200001k"}}
{"logTime": "0521/121703", "correlationVector":"RaZJHkRMsQPmfXOGNdxmQ7.2","action":"GetUpdates Response", "result":"Success", "context":Received 0 update(s). cV=RaZJHkRMsQPmfXOGNdxmQ7.0;server=akswtt01200001k;cloudType=Consumer;environment=Prod_southindia_prod-s01-004-apac-southindia;migrationStage=NotStarted}
{"logTime": "0521/121704", "correlationVector":"kyJ/BuPVokFyjELZhsv4nO","action":"Normal GetUpdate request", "result":"", "context":cV=kyJ/BuPVokFyjELZhsv4nO
Nudged types: Bookmarks, Sessions, Device Info, User Consents
Refresh requested types: Bookmarks, Preferences, Passwords, Autofill Profiles, Autofill, Extensions, Sessions, Extension settings, History Delete Directives, Device Info, User Consents, Send Tab To Self, Web Apps, History, Saved Tab Group, Collection, Edge E Drop, Edge Hub App Usage, Edge Tab Group, Edge Wallet, Encryption Keys}
{"logTime": "0521/121704", "correlationVector":"kyJ/BuPVokFyjELZhsv4nO.1","action":"SyncServerConnectionManagerRequest", "result":"SYNC_SERVER_OK", "context":{"environment":"Prod_southindia_prod-s01-004-apac-southindia", "migrationStage":"NotStarted", "server":"akswtt01200000v"}}
{"logTime": "0521/121704", "correlationVector":"kyJ/BuPVokFyjELZhsv4nO.2","action":"GetUpdates Response", "result":"Success", "context":Received 0 update(s). cV=kyJ/BuPVokFyjELZhsv4nO.0;server=akswtt01200000v;cloudType=Consumer;environment=Prod_southindia_prod-s01-004-apac-southindia;migrationStage=NotStarted}
{"logTime": "0521/121704", "correlationVector":"8BU9G/nTl64IyCKHr9ZtAU","action":"Commit Request", "result":"", "context":Item count: 5
Contributing types: Bookmarks, Sessions, Device Info, User Consents}
{"logTime": "0521/121705", "correlationVector":"8BU9G/nTl64IyCKHr9ZtAU.1","action":"SyncServerConnectionManagerRequest", "result":"SYNC_SERVER_OK", "context":{"environment":"Prod_southindia_prod-s01-004-apac-southindia", "migrationStage":"NotStarted", "server":"akswtt01200001z"}}
{"logTime": "0521/121705", "correlationVector":"8BU9G/nTl64IyCKHr9ZtAU.2","action":"Commit Response", "result":"Success", "context":Result: Success. cV=8BU9G/nTl64IyCKHr9ZtAU.0;server=akswtt01200001z;cloudType=Consumer;environment=Prod_southindia_prod-s01-004-apac-southindia;migrationStage=NotStarted}
{"logTime": "0521/121705", "correlationVector":"TrJjGpNPXmbTMUH41Dxg2y","action":"Commit Request", "result":"", "context":Item count: 1
Contributing types: User Consents}
{"logTime": "0521/121706", "correlationVector":"TrJjGpNPXmbTMUH41Dxg2y.1","action":"SyncServerConnectionManagerRequest", "result":"SYNC_SERVER_OK", "context":{"environment":"Prod_southindia_prod-s01-004-apac-southindia", "migrationStage":"NotStarted", "server":"akswtt01200001u"}}
{"logTime": "0521/121706", "correlationVector":"TrJjGpNPXmbTMUH41Dxg2y.2","action":"Commit Response", "result":"Success", "context":Result: Success. cV=TrJjGpNPXmbTMUH41Dxg2y.0;server=akswtt01200001u;cloudType=Consumer;environment=Prod_southindia_prod-s01-004-apac-southindia;migrationStage=NotStarted}
{"logTime": "0521/121727", "correlationVector":"k40RhROUdC6y4Bt73EzC2k","action":"Commit Request", "result":"", "context":Item count: 3
Contributing types: Preferences, Sessions, History}
{"logTime": "0521/121728", "correlationVector":"k40RhROUdC6y4Bt73EzC2k.1","action":"SyncServerConnectionManagerRequest", "result":"SYNC_SERVER_OK", "context":{"environment":"Prod_southindia_prod-s01-004-apac-southindia", "migrationStage":"NotStarted", "server":"akswtt01200000s"}}
{"logTime": "0521/121728", "correlationVector":"k40RhROUdC6y4Bt73EzC2k.2","action":"Commit Response", "result":"Success", "context":Result: Success. cV=k40RhROUdC6y4Bt73EzC2k.0;server=akswtt01200000s;cloudType=Consumer;environment=Prod_southindia_prod-s01-004-apac-southindia;migrationStage=NotStarted}
